[04:10:25] [ServerMain/INFO]: [bootstrap] Running Java 21 (OpenJDK 64-Bit Server VM 21.0.7+6-LTS; Microsoft Microsoft-11369942) on Linux 6.8.0-1027-azure (amd64)
[04:10:25] [ServerMain/INFO]: [bootstrap] Loading Paper 1.21.4-224-main@0cf7315 (2025-04-07T12:01:39Z) for Minecraft 1.21.4
[04:10:25] [ServerMain/INFO]: [PluginInitializerManager] Initializing plugins...
[04:10:26] [ServerMain/INFO]: [PluginInitializerManager] Initialized 4 plugins
[04:10:26] [ServerMain/INFO]: [PluginInitializerManager] Bukkit plugins (4):
 - ViaBackwards (5.2.1), ViaRewind (4.0.5), ViaRewind-Legacy-Support (1.5.2), ViaVersion (5.2.1)
[04:10:33] [ServerMain/INFO]: Environment: Environment[sessionHost=https://sessionserver.mojang.com, servicesHost=https://api.minecraftservices.com, name=PROD]
[04:10:33] [ServerMain/WARN]: Failed to load world data from ./world/level.dat
java.nio.file.AccessDeniedException: ./world/level.dat
	at java.base/sun.nio.fs.UnixException.translateToIOException(UnixException.java:90) ~[?:?]
	at java.base/sun.nio.fs.UnixException.rethrowAsIOException(UnixException.java:106) ~[?:?]
	at java.base/sun.nio.fs.UnixException.rethrowAsIOException(UnixException.java:111) ~[?:?]
	at java.base/sun.nio.fs.UnixFileSystemProvider.newByteChannel(UnixFileSystemProvider.java:261) ~[?:?]
	at java.base/java.nio.file.Files.newByteChannel(Files.java:380) ~[?:?]
	at java.base/java.nio.file.Files.newByteChannel(Files.java:432) ~[?:?]
	at java.base/java.nio.file.spi.FileSystemProvider.newInputStream(FileSystemProvider.java:420) ~[?:?]
	at java.base/java.nio.file.Files.newInputStream(Files.java:160) ~[?:?]
	at net.minecraft.nbt.NbtIo.readCompressed(NbtIo.java:33) ~[paper-1.21.4.jar:1.21.4-224-0cf7315]
	at net.minecraft.world.level.storage.LevelStorageSource.readLevelDataTagRaw(LevelStorageSource.java:222) ~[paper-1.21.4.jar:1.21.4-224-0cf7315]
	at net.minecraft.world.level.storage.LevelStorageSource.readLevelDataTagFixed(LevelStorageSource.java:226) ~[paper-1.21.4.jar:1.21.4-224-0cf7315]
	at net.minecraft.world.level.storage.LevelStorageSource$LevelStorageAccess.getDataTag(LevelStorageSource.java:504) ~[paper-1.21.4.jar:1.21.4-224-0cf7315]
	at net.minecraft.world.level.storage.LevelStorageSource$LevelStorageAccess.getDataTag(LevelStorageSource.java:495) ~[paper-1.21.4.jar:1.21.4-224-0cf7315]
	at net.minecraft.server.Main.main(Main.java:190) ~[paper-1.21.4.jar:1.21.4-224-0cf7315]
	at io.papermc.paper.PaperBootstrap.boot(PaperBootstrap.java:21) ~[paper-1.21.4.jar:1.21.4-224-0cf7315]
	at org.bukkit.craftbukkit.Main.main(Main.java:281) ~[paper-1.21.4.jar:1.21.4-224-0cf7315]
	at io.papermc.paperclip.Paperclip.lambda$main$0(Paperclip.java:42) ~[app:?]
	at java.base/java.lang.Thread.run(Thread.java:1583) ~[?:?]
[04:10:33] [ServerMain/INFO]: Attempting to use fallback
[04:10:36] [ServerMain/INFO]: Loaded 1370 recipes
[04:10:36] [ServerMain/INFO]: Loaded 1481 advancements
[04:10:36] [ServerMain/INFO]: [MCTypeRegistry] Initialising converters for DataConverter...
[04:10:37] [ServerMain/INFO]: [MCTypeRegistry] Finished initialising converters for DataConverter in 308.6ms
[04:10:37] [Server thread/INFO]: Starting minecraft server version 1.21.4
[04:10:37] [Server thread/INFO]: Loading properties
[04:10:37] [Server thread/INFO]: This server is running Paper version 1.21.4-224-main@0cf7315 (2025-04-07T12:01:39Z) (Implementing API version 1.21.4-R0.1-SNAPSHOT)
[04:10:37] [Server thread/INFO]: [spark] This server bundles the spark profiler. For more information please visit https://docs.papermc.io/paper/profiling
[04:10:37] [Server thread/INFO]: Server Ping Player Sample Count: 12
[04:10:37] [Server thread/INFO]: Using 4 threads for Netty based IO
[04:10:39] [Server thread/INFO]: [MoonriseCommon] Paper is using 1 worker threads, 1 I/O threads
[04:10:39] [Server thread/INFO]: [ChunkTaskScheduler] Chunk system is using population gen parallelism: true
[04:10:39] [Server thread/INFO]: Default game type: SURVIVAL
[04:10:39] [Server thread/INFO]: Generating keypair
[04:10:39] [Server thread/INFO]: Starting Minecraft server on *:25565
[04:10:39] [Server thread/INFO]: Using epoll channel type
[04:10:39] [Server thread/INFO]: Paper: Using libdeflate (Linux x86_64) compression from Velocity.
[04:10:39] [Server thread/INFO]: Paper: Using OpenSSL 3.x.x (Linux x86_64) cipher from Velocity.
[04:10:40] [Server thread/INFO]: [ViaVersion] Loading server plugin ViaVersion v5.2.1
[04:10:40] [Server thread/INFO]: [ViaVersion] ViaVersion 5.2.1 is now loaded. Registering protocol transformers and injecting...
[04:10:41] [Via-Mappingloader-0/INFO]: [ViaVersion] Loading block connection mappings ...
[04:10:42] [Via-Mappingloader-0/INFO]: [ViaVersion] Using FastUtil Long2ObjectOpenHashMap for block connections
[04:10:43] [Server thread/INFO]: [ViaBackwards] Loading translations...
[04:10:43] [Server thread/INFO]: [ViaBackwards] Registering protocols...
[04:10:43] [Server thread/INFO]: [ViaRewind] Registering protocols...
[04:10:44] [Server thread/INFO]: [ViaBackwards] Loading server plugin ViaBackwards v5.2.1
[04:10:44] [Server thread/INFO]: [ViaRewind] Loading server plugin ViaRewind v4.0.5
[04:10:44] [Server thread/INFO]: [ViaRewind-Legacy-Support] Loading server plugin ViaRewind-Legacy-Support v1.5.2
[04:10:44] [Server thread/INFO]: Server permissions file permissions.yml is empty, ignoring it
[04:10:44] [Server thread/INFO]: [ViaRewind] Enabling ViaRewind v4.0.5
[04:10:44] [Server thread/WARN]: **** SERVER IS RUNNING IN OFFLINE/INSECURE MODE!
[04:10:44] [Server thread/WARN]: The server will make no attempt to authenticate usernames. Beware.
[04:10:44] [Server thread/WARN]: Whilst this makes it possible to use BungeeCord, unless access to your server is properly restricted, it also opens up the ability for hackers to connect with any username they choose.
[04:10:44] [Server thread/WARN]: Please see http://www.spigotmc.org/wiki/firewall-guide/ for further information.
[04:10:44] [Server thread/WARN]: To change this, set "online-mode" to "true" in the server.properties file.
[04:10:44] [Server thread/INFO]: Preparing level "world"
[04:10:44] [Server thread/WARN]: Failed to load world data from ./world_nether/level.dat
java.nio.file.AccessDeniedException: ./world_nether/level.dat
	at java.base/sun.nio.fs.UnixException.translateToIOException(UnixException.java:90) ~[?:?]
	at java.base/sun.nio.fs.UnixException.rethrowAsIOException(UnixException.java:106) ~[?:?]
	at java.base/sun.nio.fs.UnixException.rethrowAsIOException(UnixException.java:111) ~[?:?]
	at java.base/sun.nio.fs.UnixFileSystemProvider.newByteChannel(UnixFileSystemProvider.java:261) ~[?:?]
	at java.base/java.nio.file.Files.newByteChannel(Files.java:380) ~[?:?]
	at java.base/java.nio.file.Files.newByteChannel(Files.java:432) ~[?:?]
	at java.base/java.nio.file.spi.FileSystemProvider.newInputStream(FileSystemProvider.java:420) ~[?:?]
	at java.base/java.nio.file.Files.newInputStream(Files.java:160) ~[?:?]
	at net.minecraft.nbt.NbtIo.readCompressed(NbtIo.java:33) ~[paper-1.21.4.jar:1.21.4-224-0cf7315]
	at net.minecraft.world.level.storage.LevelStorageSource.readLevelDataTagRaw(LevelStorageSource.java:222) ~[paper-1.21.4.jar:1.21.4-224-0cf7315]
	at net.minecraft.world.level.storage.LevelStorageSource.readLevelDataTagFixed(LevelStorageSource.java:226) ~[paper-1.21.4.jar:1.21.4-224-0cf7315]
	at net.minecraft.world.level.storage.LevelStorageSource$LevelStorageAccess.getDataTag(LevelStorageSource.java:504) ~[paper-1.21.4.jar:1.21.4-224-0cf7315]
	at net.minecraft.world.level.storage.LevelStorageSource$LevelStorageAccess.getDataTag(LevelStorageSource.java:495) ~[paper-1.21.4.jar:1.21.4-224-0cf7315]
	at net.minecraft.server.MinecraftServer.loadWorld0(MinecraftServer.java:581) ~[paper-1.21.4.jar:1.21.4-224-0cf7315]
	at net.minecraft.server.MinecraftServer.loadLevel(MinecraftServer.java:488) ~[paper-1.21.4.jar:1.21.4-224-0cf7315]
	at net.minecraft.server.dedicated.DedicatedServer.initServer(DedicatedServer.java:322) ~[paper-1.21.4.jar:1.21.4-224-0cf7315]
	at net.minecraft.server.MinecraftServer.runServer(MinecraftServer.java:1163) ~[paper-1.21.4.jar:1.21.4-224-0cf7315]
	at net.minecraft.server.MinecraftServer.lambda$spin$2(MinecraftServer.java:310) ~[paper-1.21.4.jar:1.21.4-224-0cf7315]
	at java.base/java.lang.Thread.run(Thread.java:1583) ~[?:?]
[04:10:44] [Server thread/INFO]: Attempting to use fallback
[04:10:44] [Server thread/WARN]: Failed to load world data from ./world_the_end/level.dat
java.nio.file.AccessDeniedException: ./world_the_end/level.dat
	at java.base/sun.nio.fs.UnixException.translateToIOException(UnixException.java:90) ~[?:?]
	at java.base/sun.nio.fs.UnixException.rethrowAsIOException(UnixException.java:106) ~[?:?]
	at java.base/sun.nio.fs.UnixException.rethrowAsIOException(UnixException.java:111) ~[?:?]
	at java.base/sun.nio.fs.UnixFileSystemProvider.newByteChannel(UnixFileSystemProvider.java:261) ~[?:?]
	at java.base/java.nio.file.Files.newByteChannel(Files.java:380) ~[?:?]
	at java.base/java.nio.file.Files.newByteChannel(Files.java:432) ~[?:?]
	at java.base/java.nio.file.spi.FileSystemProvider.newInputStream(FileSystemProvider.java:420) ~[?:?]
	at java.base/java.nio.file.Files.newInputStream(Files.java:160) ~[?:?]
	at net.minecraft.nbt.NbtIo.readCompressed(NbtIo.java:33) ~[paper-1.21.4.jar:1.21.4-224-0cf7315]
	at net.minecraft.world.level.storage.LevelStorageSource.readLevelDataTagRaw(LevelStorageSource.java:222) ~[paper-1.21.4.jar:1.21.4-224-0cf7315]
	at net.minecraft.world.level.storage.LevelStorageSource.readLevelDataTagFixed(LevelStorageSource.java:226) ~[paper-1.21.4.jar:1.21.4-224-0cf7315]
	at net.minecraft.world.level.storage.LevelStorageSource$LevelStorageAccess.getDataTag(LevelStorageSource.java:504) ~[paper-1.21.4.jar:1.21.4-224-0cf7315]
	at net.minecraft.world.level.storage.LevelStorageSource$LevelStorageAccess.getDataTag(LevelStorageSource.java:495) ~[paper-1.21.4.jar:1.21.4-224-0cf7315]
	at net.minecraft.server.MinecraftServer.loadWorld0(MinecraftServer.java:581) ~[paper-1.21.4.jar:1.21.4-224-0cf7315]
	at net.minecraft.server.MinecraftServer.loadLevel(MinecraftServer.java:488) ~[paper-1.21.4.jar:1.21.4-224-0cf7315]
	at net.minecraft.server.dedicated.DedicatedServer.initServer(DedicatedServer.java:322) ~[paper-1.21.4.jar:1.21.4-224-0cf7315]
	at net.minecraft.server.MinecraftServer.runServer(MinecraftServer.java:1163) ~[paper-1.21.4.jar:1.21.4-224-0cf7315]
	at net.minecraft.server.MinecraftServer.lambda$spin$2(MinecraftServer.java:310) ~[paper-1.21.4.jar:1.21.4-224-0cf7315]
	at java.base/java.lang.Thread.run(Thread.java:1583) ~[?:?]
[04:10:44] [Server thread/INFO]: Attempting to use fallback
[04:10:45] [Server thread/INFO]: Preparing start region for dimension minecraft:overworld
[04:10:45] [Server thread/INFO]: Preparing spawn area: 0%
[04:10:46] [Server thread/INFO]: Preparing spawn area: 0%
[04:10:46] [Server thread/INFO]: Preparing spawn area: 0%
[04:10:46] [Server thread/INFO]: Time elapsed: 1435 ms
[04:10:46] [Server thread/INFO]: Preparing start region for dimension minecraft:the_nether
[04:10:46] [Server thread/INFO]: Preparing spawn area: 0%
[04:10:47] [Server thread/INFO]: Time elapsed: 460 ms
[04:10:47] [Server thread/INFO]: Preparing start region for dimension minecraft:the_end
[04:10:47] [Server thread/INFO]: Preparing spawn area: 0%
[04:10:47] [Server thread/INFO]: Time elapsed: 311 ms
[04:10:47] [Server thread/INFO]: [ViaVersion] Enabling ViaVersion v5.2.1
[04:10:47] [Server thread/INFO]: [ViaVersion] ViaVersion detected server version: 1.21.4 (769)
[04:10:47] [Server thread/INFO]: [ViaBackwards] Enabling ViaBackwards v5.2.1
[04:10:47] [Server thread/INFO]: [ViaRewind-Legacy-Support] Enabling ViaRewind-Legacy-Support v1.5.2
[04:10:47] [Server thread/INFO]: [spark] Starting background profiler...
[04:10:48] [Server thread/INFO]: Done preparing level "world" (4.280s)
[04:10:48] [Server thread/INFO]: Running delayed init tasks
[04:10:48] [Server thread/INFO]: Done (24.462s)! For help, type "help"
[04:10:48] [Craft Scheduler Thread - 2 - ViaVersion/INFO]: [ViaVersion] Finished mapping loading, shutting down loader executor.
[04:10:48] [Server thread/WARN]: [ViaVersion] There is a newer plugin version available: 5.4.1, you're on: 5.2.1
[04:11:27] [User Authenticator #0/INFO]: UUID of player Zyclone is b0ded050-9843-3243-96a2-42cc820bf1e5
[04:11:27] [Netty Epoll Server IO #1/WARN]: [ViaVersion] (1.17->1.16.4) Increased world height is NOT SUPPORTED for 1.16 players and below. They will see a void below y 0 and above 256. You can enable the `bedrock-at-y-0` config option to replace the air with a bedrock layer.
[04:11:27] [Server thread/INFO]: Zyclone joined the game
[04:11:28] [Netty Epoll Server IO #1/WARN]: [ViaVersion] (1.13->1.12.2) Ignoring plugin channel in serverbound REGISTER: EAG|1.8
[04:11:28] [Netty Epoll Server IO #1/WARN]: [ViaVersion] (1.13->1.12.2) Ignoring plugin channel in serverbound REGISTER: EAG|GetDomain
[04:11:28] [Netty Epoll Server IO #1/WARN]: [ViaVersion] (1.13->1.12.2) Ignoring plugin channel in serverbound REGISTER: EAG|Voice-1.8
[04:11:28] [Netty Epoll Server IO #1/WARN]: [ViaVersion] (1.13->1.12.2) Ignoring plugin channel in serverbound REGISTER: EAG|UpdateCert-1.8
[04:11:28] [Netty Epoll Server IO #1/WARN]: [ViaVersion] (1.13->1.12.2) Ignoring plugin channel in serverbound REGISTER: EAG|1.8-RPC
[04:11:28] [Netty Epoll Server IO #1/WARN]: [ViaVersion] (1.13->1.12.2) Ignoring plugin channel in serverbound REGISTER: EAG|Skins-1.8
[04:11:28] [Netty Epoll Server IO #1/WARN]: [ViaVersion] (1.13->1.12.2) Ignoring plugin channel in serverbound REGISTER: EAG|1.8-Ready
[04:11:28] [Netty Epoll Server IO #1/WARN]: [ViaVersion] (1.13->1.12.2) Ignoring plugin channel in serverbound REGISTER: EAG|FNAWSEn-1.8
[04:11:28] [Netty Epoll Server IO #1/WARN]: [ViaVersion] (1.13->1.12.2) Ignoring plugin channel in serverbound REGISTER: EAG|Capes-1.8
[04:11:28] [Netty Epoll Server IO #1/WARN]: [ViaVersion] (1.13->1.12.2) Ignoring serverbound plugin message with channel: EAG|1.8-Ready
[04:11:28] [Server thread/INFO]: Zyclone[/[0:0:0:0:0:0:0:1]:47554] logged in with entity id 56 at ([world]5161.504324266429, 68.0, -1396.7555028042439)
[04:11:30] [Server thread/WARN]: Can't keep up! Is the server overloaded? Running 2567ms or 51 ticks behind
[04:12:00] [Server thread/INFO]: Zyclone issued server command: /give Zyclone minecraft:golden_apple 64
[04:12:00] [Server thread/INFO]: [Zyclone: Gave 64 [Golden Apple] to Zyclone]
[04:13:09] [Server thread/INFO]: Zyclone issued server command: /summon minecraft:iron_golem
[04:13:09] [Server thread/INFO]: [Zyclone: Summoned new Iron Golem]
[04:13:10] [Server thread/INFO]: Zyclone issued server command: /summon minecraft:iron_golem
[04:13:10] [Server thread/INFO]: [Zyclone: Summoned new Iron Golem]
[04:13:10] [Server thread/INFO]: Zyclone issued server command: /summon minecraft:iron_golem
[04:13:10] [Server thread/INFO]: [Zyclone: Summoned new Iron Golem]
[04:13:11] [Server thread/INFO]: Zyclone issued server command: /summon minecraft:iron_golem
[04:13:11] [Server thread/INFO]: [Zyclone: Summoned new Iron Golem]
[04:13:11] [Server thread/INFO]: Zyclone issued server command: /summon minecraft:iron_golem
[04:13:11] [Server thread/INFO]: [Zyclone: Summoned new Iron Golem]
[04:13:12] [Server thread/INFO]: Zyclone has made the advancement [Acquire Hardware]
[04:15:24] [Server thread/INFO]: Zyclone issued server command: /give Zyclone minecraf:brezzerod
